<?xml version="1.0" encoding="UTF-8"?>
<!-- Generated by org.testng.reporters.JUnitXMLReporter -->
<testsuite ignored="2" hostname="NCSIN07W81KT2C0" failures="0" tests="1" name="Test" time="11.1" errors="0" timestamp="2024-04-26T15:27:58 IST">
  <testcase classname="com.letcode.automation.TableAutomation" name="verifyIfSortingWorks" time="0.029"/>
  <testcase classname="com.letcode.automation.TableAutomation" name="verifyShoppingListTotal" time="0.0">
    <ignored/>
  </testcase> <!-- verifyShoppingListTotal -->
  <testcase classname="com.letcode.automation.TableAutomation" name="markRajAsPresent" time="0.0">
    <ignored/>
  </testcase> <!-- markRajAsPresent -->
</testsuite> <!-- Test -->
