<?xml version="1.0" encoding="UTF-8"?>
<testng-results ignored="0" total="1" passed="1" failed="0" skipped="0">
  <reporter-output>
  </reporter-output>
  <suite started-at="2024-04-26T15:27:47 IST" name="Suite" finished-at="2024-04-26T15:27:58 IST" duration-ms="11100">
    <groups>
    </groups>
    <test started-at="2024-04-26T15:27:47 IST" name="Test" finished-at="2024-04-26T15:27:58 IST" duration-ms="11100">
      <class name="com.letcode.automation.TableAutomation">
        <test-method is-config="true" signature="setUp()[pri:0, instance:com.letcode.automation.TableAutomation@226642a5]" started-at="2024-04-26T15:27:47 IST" name="setUp" finished-at="2024-04-26T15:27:55 IST" duration-ms="8179" status="PASS">
          <reporter-output>
          </reporter-output>
        </test-method> <!-- setUp -->
        <test-method signature="verifyIfSortingWorks(java.lang.String)[pri:3, instance:com.letcode.automation.TableAutomation@226642a5]" started-at="2024-04-26T15:27:55 IST" name="verifyIfSortingWorks" finished-at="2024-04-26T15:27:55 IST" duration-ms="29" status="PASS">
          <params>
            <param index="0">
              <value>
                <![CDATA[Calories]]>
              </value>
            </param>
          </params>
          <reporter-output>
          </reporter-output>
        </test-method> <!-- verifyIfSortingWorks -->
        <test-method is-config="true" signature="terDown()[pri:0, instance:com.letcode.automation.TableAutomation@226642a5]" started-at="2024-04-26T15:27:55 IST" name="terDown" finished-at="2024-04-26T15:27:58 IST" duration-ms="2835" status="PASS">
          <reporter-output>
          </reporter-output>
        </test-method> <!-- terDown -->
      </class> <!-- com.letcode.automation.TableAutomation -->
    </test> <!-- Test -->
  </suite> <!-- Suite -->
</testng-results>
